[Thu Apr 06 15:55:15 MDT 2023] - INFO passoff.ServerTest: 	Setting up File Handler 404 Test...
[Thu Apr 06 15:55:15 MDT 2023] - INFO client.Proxy: 	Clear called
[Thu Apr 06 15:55:15 MDT 2023] - INFO client.Client: 	Post without Request Body called
[Thu Apr 06 15:55:15 MDT 2023] - INFO client.Client: 	Attempting to open connection to server
[Thu Apr 06 15:55:15 MDT 2023] - INFO client.Client: 	Connection opened to server
[Thu Apr 06 15:55:15 MDT 2023] - INFO client.Client: 	Setting passoffrequest method to POST
[Thu Apr 06 15:55:15 MDT 2023] - INFO client.Client: 	Request method set to POST
[Thu Apr 06 15:55:15 MDT 2023] - INFO client.Client: 	Setting Do Output to true
[Thu Apr 06 15:55:15 MDT 2023] - INFO client.Client: 	Do Output set to true
[Thu Apr 06 15:55:15 MDT 2023] - INFO client.Client: 	Connecting to server
[Thu Apr 06 15:55:15 MDT 2023] - INFO client.Client: 	Connected to server
[Thu Apr 06 15:55:15 MDT 2023] - INFO client.Client: 	Getting response code from server
[Thu Apr 06 15:55:15 MDT 2023] - INFO client.Client: 	Response code 200 returned
[Thu Apr 06 15:55:15 MDT 2023] - INFO client.Client: 	Getting input stream from server
[Thu Apr 06 15:55:15 MDT 2023] - INFO client.Client: 	Reading input stream into a string
[Thu Apr 06 15:55:15 MDT 2023] - INFO passoff.ServerTest: 	Running File Handler 404 Test...
[Thu Apr 06 15:55:15 MDT 2023] - INFO client.Proxy: 	File called
[Thu Apr 06 15:55:15 MDT 2023] - INFO client.Client: 	Get without Auth Token called
[Thu Apr 06 15:55:15 MDT 2023] - INFO client.Client: 	Attempting to open connection to server
[Thu Apr 06 15:55:15 MDT 2023] - INFO client.Client: 	Connection opened to server
[Thu Apr 06 15:55:15 MDT 2023] - INFO client.Client: 	Setting passoffrequest method to GET
[Thu Apr 06 15:55:15 MDT 2023] - INFO client.Client: 	Request method set to GET
[Thu Apr 06 15:55:15 MDT 2023] - INFO client.Client: 	Setting Do Output to false
[Thu Apr 06 15:55:15 MDT 2023] - INFO client.Client: 	Do Output set to false
[Thu Apr 06 15:55:15 MDT 2023] - INFO client.Client: 	Connecting to server
[Thu Apr 06 15:55:15 MDT 2023] - INFO client.Client: 	Connected to server
[Thu Apr 06 15:55:15 MDT 2023] - INFO client.Client: 	Getting response code from server
[Thu Apr 06 15:55:15 MDT 2023] - INFO client.Client: 	Response code 404 returned
[Thu Apr 06 15:55:15 MDT 2023] - INFO client.Client: 	Getting input stream from server
[Thu Apr 06 15:55:15 MDT 2023] - INFO client.Client: 	Reading input stream into a string
